# JRE version: Java(TM) SE Runtime Environment (8.0_171-b11) (build 1.8.0_171-b11)
# Java VM: Java HotSpot(TM) 64-Bit Server VM (25.171-b11 mixed mode windows-amd64 compressed oops)
Heap:
 PSYoungGen      total 384512K, used 135557K [0x00000000d6a00000, 0x00000000f9680000, 0x0000000100000000)
  eden space 338944K, 31% used [0x00000000d6a00000,0x00000000dd1e9bc0,0x00000000eb500000)
  from space 45568K, 63% used [0x00000000f6a00000,0x00000000f8677ac0,0x00000000f9680000)
  to   space 29696K, 0% used [0x00000000eb500000,0x00000000eb500000,0x00000000ed200000)
 ParOldGen       total 137728K, used 137450K [0x0000000083e00000, 0x000000008c480000, 0x00000000d6a00000)
  object space 137728K, 99% used [0x0000000083e00000,0x000000008c43a9b8,0x000000008c480000)
 Metaspace       used 62450K, capacity 63688K, committed 64128K, reserved 1105920K
  class space    used 8220K, capacity 8474K, committed 8576K, reserved 1048576K
GC Heap History (10 events):
Event: 1319.322 GC heap before
{Heap before GC invocations=16 (full 3):
 PSYoungGen      total 353792K, used 6001K [0x00000000d6a00000, 0x00000000ee280000, 0x0000000100000000)
  eden space 347648K, 0% used [0x00000000d6a00000,0x00000000d6a00000,0x00000000ebd80000)
  from space 6144K, 97% used [0x00000000ecc00000,0x00000000ed1dc568,0x00000000ed200000)
  to   space 16896K, 0% used [0x00000000ed200000,0x00000000ed200000,0x00000000ee280000)
 ParOldGen       total 98304K, used 50720K [0x0000000083e00000, 0x0000000089e00000, 0x00000000d6a00000)
  object space 98304K, 51% used [0x0000000083e00000,0x0000000086f88000,0x0000000089e00000)
 Metaspace       used 57691K, capacity 58814K, committed 59008K, reserved 1099776K
  class space    used 7702K, capacity 7960K, committed 8064K, reserved 1048576K
Event: 1319.493 GC heap after
Heap after GC invocations=16 (full 3):
 PSYoungGen      total 353792K, used 0K [0x00000000d6a00000, 0x00000000ee280000, 0x0000000100000000)
  eden space 347648K, 0% used [0x00000000d6a00000,0x00000000d6a00000,0x00000000ebd80000)
  from space 6144K, 0% used [0x00000000ecc00000,0x00000000ecc00000,0x00000000ed200000)
  to   space 16896K, 0% used [0x00000000ed200000,0x00000000ed200000,0x00000000ee280000)
 ParOldGen       total 137728K, used 39707K [0x0000000083e00000, 0x000000008c480000, 0x00000000d6a00000)
  object space 137728K, 28% used [0x0000000083e00000,0x00000000864c6fd0,0x000000008c480000)
 Metaspace       used 57691K, capacity 58814K, committed 59008K, reserved 1099776K
  class space    used 7702K, capacity 7960K, committed 8064K, reserved 1048576K
}
Event: 1323.046 GC heap before
{Heap before GC invocations=17 (full 3):
 PSYoungGen      total 353792K, used 347648K [0x00000000d6a00000, 0x00000000ee280000, 0x0000000100000000)
  eden space 347648K, 100% used [0x00000000d6a00000,0x00000000ebd80000,0x00000000ebd80000)
  from space 6144K, 0% used [0x00000000ecc00000,0x00000000ecc00000,0x00000000ed200000)
  to   space 16896K, 0% used [0x00000000ed200000,0x00000000ed200000,0x00000000ee280000)
 ParOldGen       total 137728K, used 39707K [0x0000000083e00000, 0x000000008c480000, 0x00000000d6a00000)
  object space 137728K, 28% used [0x0000000083e00000,0x00000000864c6fd0,0x000000008c480000)
 Metaspace       used 62006K, capacity 63240K, committed 63488K, reserved 1103872K
  class space    used 8158K, capacity 8410K, committed 8448K, reserved 1048576K
Event: 1323.072 GC heap after
Heap after GC invocations=17 (full 3):
 PSYoungGen      total 355840K, used 16869K [0x00000000d6a00000, 0x00000000f5c80000, 0x0000000100000000)
  eden space 338944K, 0% used [0x00000000d6a00000,0x00000000d6a00000,0x00000000eb500000)
  from space 16896K, 99% used [0x00000000ed200000,0x00000000ee2794b8,0x00000000ee280000)
  to   space 29696K, 0% used [0x00000000eb500000,0x00000000eb500000,0x00000000ed200000)
 ParOldGen       total 137728K, used 63481K [0x0000000083e00000, 0x000000008c480000, 0x00000000d6a00000)
  object space 137728K, 46% used [0x0000000083e00000,0x0000000087bfe6d8,0x000000008c480000)
 Metaspace       used 62006K, capacity 63240K, committed 63488K, reserved 1103872K
  class space    used 8158K, capacity 8410K, committed 8448K, reserved 1048576K
}
Event: 1324.147 GC heap before
{Heap before GC invocations=18 (full 3):
 PSYoungGen      total 355840K, used 355813K [0x00000000d6a00000, 0x00000000f5c80000, 0x0000000100000000)
  eden space 338944K, 100% used [0x00000000d6a00000,0x00000000eb500000,0x00000000eb500000)
  from space 16896K, 99% used [0x00000000ed200000,0x00000000ee2794b8,0x00000000ee280000)
  to   space 29696K, 0% used [0x00000000eb500000,0x00000000eb500000,0x00000000ed200000)
 ParOldGen       total 137728K, used 63481K [0x0000000083e00000, 0x000000008c480000, 0x00000000d6a00000)
  object space 137728K, 46% used [0x0000000083e00000,0x0000000087bfe6d8,0x000000008c480000)
 Metaspace       used 62006K, capacity 63240K, committed 63488K, reserved 1103872K
  class space    used 8158K, capacity 8410K, committed 8448K, reserved 1048576K
Event: 1324.206 GC heap after
Heap after GC invocations=18 (full 3):
 PSYoungGen      total 368640K, used 29694K [0x00000000d6a00000, 0x00000000f9680000, 0x0000000100000000)
  eden space 338944K, 0% used [0x00000000d6a00000,0x00000000d6a00000,0x00000000eb500000)
  from space 29696K, 99% used [0x00000000eb500000,0x00000000ed1ffb58,0x00000000ed200000)
  to   space 45568K, 0% used [0x00000000f6a00000,0x00000000f6a00000,0x00000000f9680000)
 ParOldGen       total 137728K, used 94289K [0x0000000083e00000, 0x000000008c480000, 0x00000000d6a00000)
  object space 137728K, 68% used [0x0000000083e00000,0x0000000089a145c0,0x000000008c480000)
 Metaspace       used 62006K, capacity 63240K, committed 63488K, reserved 1103872K
  class space    used 8158K, capacity 8410K, committed 8448K, reserved 1048576K
}
Event: 1325.439 GC heap before
{Heap before GC invocations=19 (full 3):
 PSYoungGen      total 368640K, used 368638K [0x00000000d6a00000, 0x00000000f9680000, 0x0000000100000000)
  eden space 338944K, 100% used [0x00000000d6a00000,0x00000000eb500000,0x00000000eb500000)
  from space 29696K, 99% used [0x00000000eb500000,0x00000000ed1ffb58,0x00000000ed200000)
  to   space 45568K, 0% used [0x00000000f6a00000,0x00000000f6a00000,0x00000000f9680000)
 ParOldGen       total 137728K, used 94289K [0x0000000083e00000, 0x000000008c480000, 0x00000000d6a00000)
  object space 137728K, 68% used [0x0000000083e00000,0x0000000089a145c0,0x000000008c480000)
 Metaspace       used 62006K, capacity 63240K, committed 63488K, reserved 1103872K
  class space    used 8158K, capacity 8410K, committed 8448K, reserved 1048576K
Event: 1325.490 GC heap after
Heap after GC invocations=19 (full 3):
 PSYoungGen      total 384512K, used 45565K [0x00000000d6a00000, 0x00000000f9680000, 0x0000000100000000)
  eden space 338944K, 0% used [0x00000000d6a00000,0x00000000d6a00000,0x00000000eb500000)
  from space 45568K, 99% used [0x00000000f6a00000,0x00000000f967f568,0x00000000f9680000)
  to   space 29696K, 0% used [0x00000000eb500000,0x00000000eb500000,0x00000000ed200000)
 ParOldGen       total 137728K, used 126425K [0x0000000083e00000, 0x000000008c480000, 0x00000000d6a00000)
  object space 137728K, 91% used [0x0000000083e00000,0x000000008b9765c0,0x000000008c480000)
 Metaspace       used 62006K, capacity 63240K, committed 63488K, reserved 1103872K
  class space    used 8158K, capacity 8410K, committed 8448K, reserved 1048576K
}
Event: 1325.490 GC heap before
{Heap before GC invocations=20 (full 4):
 PSYoungGen      total 384512K, used 45565K [0x00000000d6a00000, 0x00000000f9680000, 0x0000000100000000)
  eden space 338944K, 0% used [0x00000000d6a00000,0x00000000d6a00000,0x00000000eb500000)
  from space 45568K, 99% used [0x00000000f6a00000,0x00000000f967f568,0x00000000f9680000)
  to   space 29696K, 0% used [0x00000000eb500000,0x00000000eb500000,0x00000000ed200000)
 ParOldGen       total 137728K, used 126425K [0x0000000083e00000, 0x000000008c480000, 0x00000000d6a00000)
  object space 137728K, 91% used [0x0000000083e00000,0x000000008b9765c0,0x000000008c480000)
 Metaspace       used 62006K, capacity 63240K, committed 63488K, reserved 1103872K
  class space    used 8158K, capacity 8410K, committed 8448K, reserved 1048576K
Event: 1326.276 GC heap after
Heap after GC invocations=20 (full 4):
 PSYoungGen      total 384512K, used 29150K [0x00000000d6a00000, 0x00000000f9680000, 0x0000000100000000)
  eden space 338944K, 0% used [0x00000000d6a00000,0x00000000d6a00000,0x00000000eb500000)
  from space 45568K, 63% used [0x00000000f6a00000,0x00000000f8677ac0,0x00000000f9680000)
  to   space 29696K, 0% used [0x00000000eb500000,0x00000000eb500000,0x00000000ed200000)
 ParOldGen       total 137728K, used 137450K [0x0000000083e00000, 0x000000008c480000, 0x00000000d6a00000)
  object space 137728K, 99% used [0x0000000083e00000,0x000000008c43a9b8,0x000000008c480000)
 Metaspace       used 62006K, capacity 63240K, committed 63488K, reserved 1103872K
  class space    used 8158K, capacity 8410K, committed 8448K, reserved 1048576K
}

